# JRE version: OpenJDK Runtime Environment (11.0.6+7) (build 11.0.6-ea+7-post-Debian-1)
# Java VM: OpenJDK 64-Bit Server VM (11.0.6-ea+7-post-Debian-1, mixed mode, sharing, tiered, compressed oops, g1 gc, linux-amd64)
Heap:
 garbage-first heap   total 450560K, used 59627K [0x0000000085200000, 0x0000000100000000)
  region size 1024K, 1 young (1024K), 1 survivors (1024K)
 Metaspace       used 81942K, capacity 84475K, committed 84736K, reserved 1122304K
  class space    used 11277K, capacity 12262K, committed 12288K, reserved 1048576K
GC Heap History (20 events):
Event: 96,480 GC heap after
{Heap after GC invocations=115 (full 0):
 garbage-first heap   total 225280K, used 59613K [0x0000000085200000, 0x0000000100000000)
  region size 1024K, 1 young (1024K), 1 survivors (1024K)
 Metaspace       used 81942K, capacity 84475K, committed 84736K, reserved 1122304K
  class space    used 11277K, capacity 12262K, committed 12288K, reserved 1048576K
}
Event: 97,429 GC heap before
{Heap before GC invocations=115 (full 0):
 garbage-first heap   total 225280K, used 193757K [0x0000000085200000, 0x0000000100000000)
  region size 1024K, 132 young (135168K), 1 survivors (1024K)
 Metaspace       used 81942K, capacity 84475K, committed 84736K, reserved 1122304K
  class space    used 11277K, capacity 12262K, committed 12288K, reserved 1048576K
}
Event: 97,430 GC heap after
{Heap after GC invocations=116 (full 0):
 garbage-first heap   total 225280K, used 59606K [0x0000000085200000, 0x0000000100000000)
  region size 1024K, 1 young (1024K), 1 survivors (1024K)
 Metaspace       used 81942K, capacity 84475K, committed 84736K, reserved 1122304K
  class space    used 11277K, capacity 12262K, committed 12288K, reserved 1048576K
}
Event: 98,386 GC heap before
{Heap before GC invocations=116 (full 0):
 garbage-first heap   total 225280K, used 193750K [0x0000000085200000, 0x0000000100000000)
  region size 1024K, 132 young (135168K), 1 survivors (1024K)
 Metaspace       used 81942K, capacity 84475K, committed 84736K, reserved 1122304K
  class space    used 11277K, capacity 12262K, committed 12288K, reserved 1048576K
}
Event: 98,392 GC heap after
{Heap after GC invocations=117 (full 0):
 garbage-first heap   total 225280K, used 59609K [0x0000000085200000, 0x0000000100000000)
  region size 1024K, 1 young (1024K), 1 survivors (1024K)
 Metaspace       used 81942K, capacity 84475K, committed 84736K, reserved 1122304K
  class space    used 11277K, capacity 12262K, committed 12288K, reserved 1048576K
}
Event: 99,842 GC heap before
{Heap before GC invocations=117 (full 0):
 garbage-first heap   total 225280K, used 193753K [0x0000000085200000, 0x0000000100000000)
  region size 1024K, 132 young (135168K), 1 survivors (1024K)
 Metaspace       used 81942K, capacity 84475K, committed 84736K, reserved 1122304K
  class space    used 11277K, capacity 12262K, committed 12288K, reserved 1048576K
}
Event: 99,854 GC heap after
{Heap after GC invocations=118 (full 0):
 garbage-first heap   total 225280K, used 59603K [0x0000000085200000, 0x0000000100000000)
  region size 1024K, 1 young (1024K), 1 survivors (1024K)
 Metaspace       used 81942K, capacity 84475K, committed 84736K, reserved 1122304K
  class space    used 11277K, capacity 12262K, committed 12288K, reserved 1048576K
}
Event: 100,857 GC heap before
{Heap before GC invocations=118 (full 0):
 garbage-first heap   total 225280K, used 193747K [0x0000000085200000, 0x0000000100000000)
  region size 1024K, 132 young (135168K), 1 survivors (1024K)
 Metaspace       used 81942K, capacity 84475K, committed 84736K, reserved 1122304K
  class space    used 11277K, capacity 12262K, committed 12288K, reserved 1048576K
}
Event: 100,870 GC heap after
{Heap after GC invocations=119 (full 0):
 garbage-first heap   total 225280K, used 59609K [0x0000000085200000, 0x0000000100000000)
  region size 1024K, 1 young (1024K), 1 survivors (1024K)
 Metaspace       used 81942K, capacity 84475K, committed 84736K, reserved 1122304K
  class space    used 11277K, capacity 12262K, committed 12288K, reserved 1048576K
}
Event: 101,895 GC heap before
{Heap before GC invocations=119 (full 0):
 garbage-first heap   total 225280K, used 193753K [0x0000000085200000, 0x0000000100000000)
  region size 1024K, 132 young (135168K), 1 survivors (1024K)
 Metaspace       used 81942K, capacity 84475K, committed 84736K, reserved 1122304K
  class space    used 11277K, capacity 12262K, committed 12288K, reserved 1048576K
}
Event: 101,908 GC heap after
{Heap after GC invocations=120 (full 0):
 garbage-first heap   total 225280K, used 59608K [0x0000000085200000, 0x0000000100000000)
  region size 1024K, 1 young (1024K), 1 survivors (1024K)
 Metaspace       used 81942K, capacity 84475K, committed 84736K, reserved 1122304K
  class space    used 11277K, capacity 12262K, committed 12288K, reserved 1048576K
}
Event: 103,132 GC heap before
{Heap before GC invocations=120 (full 0):
 garbage-first heap   total 225280K, used 193752K [0x0000000085200000, 0x0000000100000000)
  region size 1024K, 132 young (135168K), 1 survivors (1024K)
 Metaspace       used 81942K, capacity 84475K, committed 84736K, reserved 1122304K
  class space    used 11277K, capacity 12262K, committed 12288K, reserved 1048576K
}
Event: 103,356 GC heap after
{Heap after GC invocations=121 (full 0):
 garbage-first heap   total 225280K, used 59616K [0x0000000085200000, 0x0000000100000000)
  region size 1024K, 1 young (1024K), 1 survivors (1024K)
 Metaspace       used 81942K, capacity 84475K, committed 84736K, reserved 1122304K
  class space    used 11277K, capacity 12262K, committed 12288K, reserved 1048576K
}
Event: 104,484 GC heap before
{Heap before GC invocations=121 (full 0):
 garbage-first heap   total 225280K, used 193760K [0x0000000085200000, 0x0000000100000000)
  region size 1024K, 132 young (135168K), 1 survivors (1024K)
 Metaspace       used 81942K, capacity 84475K, committed 84736K, reserved 1122304K
  class space    used 11277K, capacity 12262K, committed 12288K, reserved 1048576K
}
Event: 104,652 GC heap after
{Heap after GC invocations=122 (full 0):
 garbage-first heap   total 225280K, used 59613K [0x0000000085200000, 0x0000000100000000)
  region size 1024K, 1 young (1024K), 1 survivors (1024K)
 Metaspace       used 81942K, capacity 84475K, committed 84736K, reserved 1122304K
  class space    used 11277K, capacity 12262K, committed 12288K, reserved 1048576K
}
Event: 105,831 GC heap before
{Heap before GC invocations=122 (full 0):
 garbage-first heap   total 225280K, used 192733K [0x0000000085200000, 0x0000000100000000)
  region size 1024K, 132 young (135168K), 1 survivors (1024K)
 Metaspace       used 81942K, capacity 84475K, committed 84736K, reserved 1122304K
  class space    used 11277K, capacity 12262K, committed 12288K, reserved 1048576K
}
Event: 106,256 GC heap after
{Heap after GC invocations=123 (full 0):
 garbage-first heap   total 225280K, used 59632K [0x0000000085200000, 0x0000000100000000)
  region size 1024K, 1 young (1024K), 1 survivors (1024K)
 Metaspace       used 81942K, capacity 84475K, committed 84736K, reserved 1122304K
  class space    used 11277K, capacity 12262K, committed 12288K, reserved 1048576K
}
Event: 109,613 GC heap before
{Heap before GC invocations=123 (full 0):
 garbage-first heap   total 225280K, used 193776K [0x0000000085200000, 0x0000000100000000)
  region size 1024K, 132 young (135168K), 1 survivors (1024K)
 Metaspace       used 81942K, capacity 84475K, committed 84736K, reserved 1122304K
  class space    used 11277K, capacity 12262K, committed 12288K, reserved 1048576K
}
Event: 109,849 GC heap after
{Heap after GC invocations=124 (full 0):
 garbage-first heap   total 225280K, used 59611K [0x0000000085200000, 0x0000000100000000)
  region size 1024K, 1 young (1024K), 1 survivors (1024K)
 Metaspace       used 81942K, capacity 84475K, committed 84736K, reserved 1122304K
  class space    used 11277K, capacity 12262K, committed 12288K, reserved 1048576K
}
Event: 111,010 GC heap before
{Heap before GC invocations=124 (full 0):
 garbage-first heap   total 225280K, used 193755K [0x0000000085200000, 0x0000000100000000)
  region size 1024K, 132 young (135168K), 1 survivors (1024K)
 Metaspace       used 81942K, capacity 84475K, committed 84736K, reserved 1122304K
  class space    used 11277K, capacity 12262K, committed 12288K, reserved 1048576K
}

